<?xml version="1.0" encoding="UTF-8"?>
<!-- Generated by org.testng.reporters.JUnitReportReporter -->
<testsuite hostname="SantoshNelwade" name="Fargo.End2EndTesting.BaseTest" tests="2" failures="0" timestamp="4 Aug 2020 10:58:49 GMT" time="10.307" errors="0">
  <testcase name="login" time="0.997" classname="Fargo.End2EndTesting.BaseTest"/>
  <testcase name="launchBrowser" time="9.310" classname="Fargo.End2EndTesting.BaseTest"/>
</testsuite> <!-- Fargo.End2EndTesting.BaseTest -->
